Arguments: 
  /usr/local/Cellar/node/15.2.1/bin/node /usr/local/Cellar/yarn/1.22.10/libexec/bin/yarn.js add v1.22.10

PATH: 
  /Users/aishwarya/.rvm/gems/ruby-2.6.3/bin:/Users/aishwarya/.rvm/gems/ruby-2.6.3@global/bin:/Users/aishwarya/.rvm/rubies/ruby-2.6.3/bin:/usr/local/opt/ruby/bin:/usr/local/opt/ruby/bin:/Users/aishwarya/gems/bin:/Users/aishwarya/gems/bin:/usr/local/sbin:/usr/local/sbin:/usr/local/bin:/usr/bin:/bin:/usr/sbin:/sbin:/Applications/Postgres.app/Contents/Versions/latest/bin:/Users/aishwarya/.rvm/bin

Yarn version: 
  1.22.10

Node version: 
  15.2.1

Platform: 
  darwin x64

Trace: 
  Error: https://registry.yarnpkg.com/v1.22.10: Not found
      at Request.params.callback [as _callback] (/usr/local/Cellar/yarn/1.22.10/libexec/lib/cli.js:66988:18)
      at Request.self.callback (/usr/local/Cellar/yarn/1.22.10/libexec/lib/cli.js:140749:22)
      at Request.emit (node:events:329:20)
      at Request.<anonymous> (/usr/local/Cellar/yarn/1.22.10/libexec/lib/cli.js:141721:10)
      at Request.emit (node:events:329:20)
      at IncomingMessage.<anonymous> (/usr/local/Cellar/yarn/1.22.10/libexec/lib/cli.js:141643:12)
      at Object.onceWrapper (node:events:435:28)
      at IncomingMessage.emit (node:events:341:22)
      at endReadableNT (node:internal/streams/readable:1294:12)
      at processTicksAndRejections (node:internal/process/task_queues:80:21)

npm manifest: 
  {
    "dependencies": {
      "react-slideshow-image": "^3.4.3"
    }
  }

yarn manifest: 
  No manifest

Lockfile: 
  # THIS IS AN AUTOGENERATED FILE. DO NOT EDIT THIS FILE DIRECTLY.
  # yarn lockfile v1
  
  
  "@tweenjs/tween.js@^18.1.2":
    version "18.6.4"
    resolved "https://registry.yarnpkg.com/@tweenjs/tween.js/-/tween.js-18.6.4.tgz#40a3d0a93647124872dec8e0fd1bd5926695b6ca"
    integrity sha512-lB9lMjuqjtuJrx7/kOkqQBtllspPIN+96OvTCeJ2j5FEzinoAXTdAMFnDAQT1KVPRlnYfBrqxtqP66vDM40xxQ==
  
  react-slideshow-image@^3.4.3:
    version "3.4.3"
    resolved "https://registry.yarnpkg.com/react-slideshow-image/-/react-slideshow-image-3.4.3.tgz#ac37546bf145dced3798531ac5c4b72529a93b7a"
    integrity sha512-eiL5BRuMpOIxMXZx5QU4huLF+oPXC8TNXPmZGLTWawQbiX33dvKKhozAR5Ht4woI/tOdi9pe6XVSnYCjywFhsQ==
    dependencies:
      "@tweenjs/tween.js" "^18.1.2"
      resize-observer-polyfill "^1.5.1"
  
  resize-observer-polyfill@^1.5.1:
    version "1.5.1"
    resolved "https://registry.yarnpkg.com/resize-observer-polyfill/-/resize-observer-polyfill-1.5.1.tgz#0e9020dd3d21024458d4ebd27e23e40269810464"
    integrity sha512-LwZrotdHOo12nQuZlHEmtuXdqGoOD0OhaxopaNFxWzInpEgaLWoVuAMbTzixuosCx2nEG58ngzW3vxdWoxIgdg==
